<?xml version="1.0" encoding="UTF-8"?>
<!-- Generated by org.testng.reporters.JUnitXMLReporter -->
<testsuite ignored="0" hostname="Mac" failures="0" tests="4" name="Surefire test" time="59.968" errors="0" timestamp="2025-09-04T23:19:27 CEST">
  <testcase classname="apiTests.apiActions.ApiActionsTest" name="getBaseURI" time="0.639"/>
  <testcase classname="apiTests.apiActions.ApiActionsTest" name="getSpecificOnlineUser" time="0.323"/>
  <testcase classname="seleniumTests.tests.Tests" name="testSpecificFilterElementsInDropDown" time="16.109"/>
  <testcase classname="seleniumTests.tests.Tests" name="testfilterFunction" time="22.88"/>
</testsuite> <!-- Surefire test -->
